<?xml version="1.0" encoding="UTF-8"?>
<testsuite xmlns:xsi="http://www.w3.org/2001/XMLSchema-instance" xsi:noNamespaceSchemaLocation="https://maven.apache.org/surefire/maven-surefire-plugin/xsd/surefire-test-report-3.0.xsd" version="3.0" name="com.nombres.reactivos.ApplicationTests" time="12.026" tests="1" errors="0" skipped="0" failures="0">
  <properties>
[...]
</properties>
  <testcase name="contextLoads" classname="com.nombres.reactivos.ApplicationTests" time="10.66">
    <system-out><![CDATA[11:00:41.574 [main] INFO org.springframework.test.context.support.AnnotationConfigContextLoaderUtils -- Could not detect default configuration classes for test class [com.nombres.reactivos.ApplicationTests]: ApplicationTests does not declare any static, non-private, non-final, nested classes annotated with @Configuration.
11:00:41.649 [main] INFO org.springframework.boot.test.context.SpringBootTestContextBootstrapper -- Found @SpringBootConfiguration com.nombres.reactivos.Application for test class com.nombres.reactivos.ApplicationTests

  .   ____          _            __ _ _
 /\\ / ___'_ __ _ _(_)_ __  __ _ \ \ \ \
( ( )\___ | '_ | '_| | '_ \/ _` | \ \ \ \
 \\/  ___)| |_)| | | | | || (_| |  ) ) ) )
  '  |____| .__|_| |_|_| |_\__, | / / / /
 =========|_|==============|___/=/_/_/_/
 :: Spring Boot ::               (v3.2.10)

2024-09-27T11:00:41.928+02:00  INFO 20164 --- [02_microservicio_nombres_reactivo] [           main] com.nombres.reactivos.ApplicationTests   : Starting ApplicationTests using Java 17.0.12 with PID 20164 (started by gonzalo in /home/gonzalo/Curso_Programacion_Reactiva/02_microservicio_nombres_reactivo)
2024-09-27T11:00:41.930+02:00  INFO 20164 --- [02_microservicio_nombres_reactivo] [           main] com.nombres.reactivos.ApplicationTests   : No active profile set, falling back to 1 default profile: "default"
2024-09-27T11:00:42.814+02:00  INFO 20164 --- [02_microservicio_nombres_reactivo] [           main] com.nombres.reactivos.ApplicationTests   : Started ApplicationTests in 1.065 seconds (process running for 1.75)
]]></system-out>
  </testcase>
</testsuite>